  testUnitaires.cpp
testUnitaires.obj : error LNK2019: symbole externe non résolu "bool __cdecl testing::internal::IsTrue(bool)" (?IsTrue@internal@testing@@YA_N_N@Z) référencé dans la fonction "public: void __thiscall testing::internal::scoped_ptr<class std::basic_string<char,struct std::char_traits<char>,class std::allocator<char> > >::reset(class std::basic_string<char,struct std::char_traits<char>,class std::allocator<char> > *)" (?reset@?$scoped_ptr@V?$basic_string@DU?$char_traits@D@std@@V?$allocator@D@2@@std@@@internal@testing@@QAEXPAV?$basic_string@DU?$char_traits@D@std@@V?$allocator@D@2@@std@@@Z)
testUnitaires.obj : error LNK2019: symbole externe non résolu "public: __thiscall testing::Message::Message(void)" (??0Message@testing@@QAE@XZ) référencé dans la fonction "private: virtual void __thiscall Noisette_getPosxWorks_Test::TestBody(void)" (?TestBody@Noisette_getPosxWorks_Test@@EAEXXZ)
testUnitaires.obj : error LNK2019: symbole externe non résolu "class testing::AssertionResult __cdecl testing::internal::EqFailure(char const *,char const *,class std::basic_string<char,struct std::char_traits<char>,class std::allocator<char> > const &,class std::basic_string<char,struct std::char_traits<char>,class std::allocator<char> > const &,bool)" (?EqFailure@internal@testing@@YA?AVAssertionResult@2@PBD0ABV?$basic_string@DU?$char_traits@D@std@@V?$allocator@D@2@@std@@1_N@Z) référencé dans la fonction "class testing::AssertionResult __cdecl testing::internal::CmpHelperEQFailure<int,int>(char const *,char const *,int const &,int const &)" (??$CmpHelperEQFailure@HH@internal@testing@@YA?AVAssertionResult@1@PBD0ABH1@Z)
testUnitaires.obj : error LNK2019: symbole externe non résolu "void const * __cdecl testing::internal::GetTestTypeId(void)" (?GetTestTypeId@internal@testing@@YAPBXXZ) référencé dans la fonction "void __cdecl `dynamic initializer for 'private: static class testing::TestInfo * Noisette_getPosxWorks_Test::test_info_''(void)" (??__E?test_info_@Noisette_getPosxWorks_Test@@0QAVTestInfo@testing@@A@@YAXXZ)
testUnitaires.obj : error LNK2019: symbole externe non résolu "class testing::TestInfo * __cdecl testing::internal::MakeAndRegisterTestInfo(char const *,char const *,char const *,char const *,struct testing::internal::CodeLocation,void const *,void (__cdecl*)(void),void (__cdecl*)(void),class testing::internal::TestFactoryBase *)" (?MakeAndRegisterTestInfo@internal@testing@@YAPAVTestInfo@2@PBD000UCodeLocation@12@PBXP6AXXZ3PAVTestFactoryBase@12@@Z) référencé dans la fonction "void __cdecl `dynamic initializer for 'private: static class testing::TestInfo * Noisette_getPosxWorks_Test::test_info_''(void)" (??__E?test_info_@Noisette_getPosxWorks_Test@@0QAVTestInfo@testing@@A@@YAXXZ)
testUnitaires.obj : error LNK2019: symbole externe non résolu "class testing::AssertionResult __cdecl testing::AssertionSuccess(void)" (?AssertionSuccess@testing@@YA?AVAssertionResult@1@XZ) référencé dans la fonction "class testing::AssertionResult __cdecl testing::internal::CmpHelperEQ<int,int>(char const *,char const *,int const &,int const &)" (??$CmpHelperEQ@HH@internal@testing@@YA?AVAssertionResult@1@PBD0ABH1@Z)
testUnitaires.obj : error LNK2019: symbole externe non résolu "public: virtual __thiscall testing::Test::~Test(void)" (??1Test@testing@@UAE@XZ) référencé dans la fonction "public: virtual __thiscall Noisette_getPosxWorks_Test::~Noisette_getPosxWorks_Test(void)" (??1Noisette_getPosxWorks_Test@@UAE@XZ)
testUnitaires.obj : error LNK2019: symbole externe non résolu "protected: __thiscall testing::Test::Test(void)" (??0Test@testing@@IAE@XZ) référencé dans la fonction "public: __thiscall Noisette_getPosxWorks_Test::Noisette_getPosxWorks_Test(void)" (??0Noisette_getPosxWorks_Test@@QAE@XZ)
testUnitaires.obj : error LNK2001: symbole externe non résolu "protected: virtual void __thiscall testing::Test::SetUp(void)" (?SetUp@Test@testing@@MAEXXZ)
testUnitaires.obj : error LNK2001: symbole externe non résolu "protected: virtual void __thiscall testing::Test::TearDown(void)" (?TearDown@Test@testing@@MAEXXZ)
testUnitaires.obj : error LNK2019: symbole externe non résolu "public: __thiscall testing::internal::AssertHelper::AssertHelper(enum testing::TestPartResult::Type,char const *,int,char const *)" (??0AssertHelper@internal@testing@@QAE@W4Type@TestPartResult@2@PBDH1@Z) référencé dans la fonction "private: virtual void __thiscall Noisette_getPosxWorks_Test::TestBody(void)" (?TestBody@Noisette_getPosxWorks_Test@@EAEXXZ)
testUnitaires.obj : error LNK2019: symbole externe non résolu "public: __thiscall testing::internal::AssertHelper::~AssertHelper(void)" (??1AssertHelper@internal@testing@@QAE@XZ) référencé dans la fonction "private: virtual void __thiscall Noisette_getPosxWorks_Test::TestBody(void)" (?TestBody@Noisette_getPosxWorks_Test@@EAEXXZ)
testUnitaires.obj : error LNK2019: symbole externe non résolu "public: void __thiscall testing::internal::AssertHelper::operator=(class testing::Message const &)const " (??4AssertHelper@internal@testing@@QBEXABVMessage@2@@Z) référencé dans la fonction "private: virtual void __thiscall Noisette_getPosxWorks_Test::TestBody(void)" (?TestBody@Noisette_getPosxWorks_Test@@EAEXXZ)
Bibliotheque.lib(Noisette.obj) : error LNK2019: symbole externe non résolu "__declspec(dllimport) public: void __thiscall sf::Transformable::setPosition(float,float)" (__imp_?setPosition@Transformable@sf@@QAEXMM@Z) référencé dans la fonction "public: __thiscall noisette::noisette(int,int)" (??0noisette@@QAE@HH@Z)
Bibliotheque.lib(Noisette.obj) : error LNK2019: symbole externe non résolu "__declspec(dllimport) public: void __thiscall sf::Transformable::move(float,float)" (__imp_?move@Transformable@sf@@QAEXMM@Z) référencé dans la fonction "public: virtual void __thiscall noisette::translate(int)" (?translate@noisette@@UAEXH@Z)
Bibliotheque.lib(Noisette.obj) : error LNK2019: symbole externe non résolu "__declspec(dllimport) public: __thiscall sf::Color::Color(unsigned char,unsigned char,unsigned char,unsigned char)" (__imp_??0Color@sf@@QAE@EEEE@Z) référencé dans la fonction "public: __thiscall noisette::noisette(int,int)" (??0noisette@@QAE@HH@Z)
Bibliotheque.lib(Noisette.obj) : error LNK2019: symbole externe non résolu "__declspec(dllimport) public: void __thiscall sf::Shape::setFillColor(class sf::Color const &)" (__imp_?setFillColor@Shape@sf@@QAEXABVColor@2@@Z) référencé dans la fonction "public: __thiscall noisette::noisette(int,int)" (??0noisette@@QAE@HH@Z)
Bibliotheque.lib(Noisette.obj) : error LNK2019: symbole externe non résolu "__declspec(dllimport) public: __thiscall sf::CircleShape::CircleShape(float,unsigned int)" (__imp_??0CircleShape@sf@@QAE@MI@Z) référencé dans la fonction "public: __thiscall noisette::noisette(int,int)" (??0noisette@@QAE@HH@Z)
Bibliotheque.lib(Noisette.obj) : error LNK2019: symbole externe non résolu "__declspec(dllimport) public: virtual __thiscall sf::CircleShape::~CircleShape(void)" (__imp_??1CircleShape@sf@@UAE@XZ) référencé dans la fonction "public: __thiscall noisette::noisette(int,int)" (??0noisette@@QAE@HH@Z)
Bibliotheque.lib(Noisette.obj) : error LNK2019: symbole externe non résolu "__declspec(dllimport) public: __thiscall sf::CircleShape::CircleShape(class sf::CircleShape &&)" (__imp_??0CircleShape@sf@@QAE@$$QAV01@@Z) référencé dans la fonction "class std::unique_ptr<class sf::CircleShape,struct std::default_delete<class sf::CircleShape> > __cdecl std::make_unique<class sf::CircleShape,class sf::CircleShape>(class sf::CircleShape &&)" (??$make_unique@VCircleShape@sf@@V12@@std@@YA?AV?$unique_ptr@VCircleShape@sf@@U?$default_delete@VCircleShape@sf@@@std@@@0@$$QAVCircleShape@sf@@@Z)
Bibliotheque.lib(Noisette.obj) : error LNK2019: symbole externe non résolu "__declspec(dllimport) public: void __thiscall sf::RenderTarget::draw(class sf::Drawable const &,class sf::RenderStates const &)" (__imp_?draw@RenderTarget@sf@@QAEXABVDrawable@2@ABVRenderStates@2@@Z) référencé dans la fonction "public: virtual void __thiscall noisette::draw(class sf::RenderWindow &)" (?draw@noisette@@UAEXAAVRenderWindow@sf@@@Z)
Bibliotheque.lib(Noisette.obj) : error LNK2001: symbole externe non résolu "private: virtual void __thiscall sf::Shape::draw(class sf::RenderTarget &,class sf::RenderStates)const " (?draw@Shape@sf@@EBEXAAVRenderTarget@2@VRenderStates@2@@Z)
Bibliotheque.lib(Noisette.obj) : error LNK2001: symbole externe non résolu "public: virtual class sf::Vector2<float> __thiscall sf::CircleShape::getPoint(unsigned int)const " (?getPoint@CircleShape@sf@@UBE?AV?$Vector2@M@2@I@Z)
Bibliotheque.lib(Noisette.obj) : error LNK2001: symbole externe non résolu "public: virtual unsigned int __thiscall sf::CircleShape::getPointCount(void)const " (?getPointCount@CircleShape@sf@@UBEIXZ)
Bibliotheque.lib(Noisette.obj) : error LNK2001: symbole externe non résolu "__declspec(dllimport) public: static class sf::RenderStates const sf::RenderStates::Default" (__imp_?Default@RenderStates@sf@@2V12@B)
MSVCRTD.lib(exe_main.obj) : error LNK2019: symbole externe non résolu _main référencé dans la fonction "int __cdecl invoke_main(void)" (?invoke_main@@YAHXZ)
C:\Users\val_r\OneDrive\Documents\Visual Studio 2017\Projects\Jeucpp-new2805\JeuVersion0\Debug\UnitTests.exe : fatal error LNK1120: 26 externes non résolus
